<?xml version="1.0" encoding="UTF-8"?>
<!-- Generated by org.testng.reporters.JUnitXMLReporter -->
<testsuite hostname="LAPTOP-MRN928OE" ignored="1" name="Test" tests="3" failures="0" timestamp="02 Mar 2022 09:42:13 GMT" time="10.702" errors="0">
  <testcase name="TestCase1" time="0.005" classname="DAY5SELENIUM.testngexercise1"/>
  <testcase name="TestCase2" time="0.002" classname="DAY5SELENIUM.testngexercise1"/>
  <testcase name="loginTC1" time="2.954" classname="DAY5SELENIUM.testngexercise2"/>
  <testcase name="FlightSearchTC2" time="0.0" classname="DAY5SELENIUM.testngexercise2">
    <ignored/>
  </testcase> <!-- FlightSearchTC2 -->
</testsuite> <!-- Test -->
